libs/ViewPagerIndicator-Library/build/outputs/logs/manifest-merger-debug-report.txt
-- Merging decision tree log ---
manifest
ADDED from libs/ViewPagerIndicator-Library/AndroidManifest.xml:3:1-8:12
INJECTED from libs/ViewPagerIndicator-Library/AndroidManifest.xml:3:1-8:12
INJECTED from libs/ViewPagerIndicator-Library/AndroidManifest.xml:3:1-8:12
INJECTED from libs/ViewPagerIndicator-Library/AndroidManifest.xml:3:1-8:12
INJECTED from libs/ViewPagerIndicator-Library/AndroidManifest.xml:3:1-8:12
INJECTED from libs/ViewPagerIndicator-Library/AndroidManifest.xml:3:1-8:12
INJECTED from libs/ViewPagerIndicator-Library/AndroidManifest.xml:3:1-8:12
	package
		ADDED from libs/ViewPagerIndicator-Library/AndroidManifest.xml:4:5-37
		INJECTED from libs/ViewPagerIndicator-Library/AndroidManifest.xml
		INJECTED from libs/ViewPagerIndicator-Library/AndroidManifest.xml
	android:versionName
		ADDED from libs/ViewPagerIndicator-Library/AndroidManifest.xml:6:5-32
		INJECTED from libs/ViewPagerIndicator-Library/AndroidManifest.xml
		INJECTED from libs/ViewPagerIndicator-Library/AndroidManifest.xml
	xmlns:android
		ADDED from libs/ViewPagerIndicator-Library/AndroidManifest.xml:3:11-69
	android:versionCode
		ADDED from libs/ViewPagerIndicator-Library/AndroidManifest.xml:5:5-29
		INJECTED from libs/ViewPagerIndicator-Library/AndroidManifest.xml
		INJECTED from libs/ViewPagerIndicator-Library/AndroidManifest.xml
uses-sdk
INJECTED from libs/ViewPagerIndicator-Library/AndroidManifest.xml reason: use-sdk injection requested
INJECTED from libs/ViewPagerIndicator-Library/AndroidManifest.xml
INJECTED from libs/ViewPagerIndicator-Library/AndroidManifest.xml
	android:minSdkVersion
		INJECTED from libs/ViewPagerIndicator-Library/AndroidManifest.xml
		ADDED from libs/ViewPagerIndicator-Library/AndroidManifest.xml
		INJECTED from libs/ViewPagerIndicator-Library/AndroidManifest.xml